2020-11-18 10:35:35,005 [main] [com.example.demo.SpringbootValidApplication] [INFO] (StartupInfoLogger.java:50)- Starting SpringbootValidApplication on DESKTOP-MPF9R39 with PID 6828 (E:\workspace-spring-tool-suite-4-4.1.2.RELEASE\springboot-valid\target\classes started by zuoruibo in E:\workspace-spring-tool-suite-4-4.1.2.RELEASE\springboot-valid)
2020-11-18 10:35:35,007 [main] [com.example.demo.SpringbootValidApplication] [DEBUG] (StartupInfoLogger.java:53)- Running with Spring Boot v2.1.3.RELEASE, Spring v5.1.5.RELEASE
2020-11-18 10:35:35,008 [main] [com.example.demo.SpringbootValidApplication] [INFO] (SpringApplication.java:675)- No active profile set, falling back to default profiles: default
2020-11-18 10:35:37,565 [main] [com.example.demo.SpringbootValidApplication] [INFO] (StartupInfoLogger.java:59)- Started SpringbootValidApplication in 2.88 seconds (JVM running for 5.023)
2020-11-18 10:35:56,745 [http-nio-9090-exec-1] [com.example.demo.config.MyHttpInterceptor] [INFO] (MyHttpInterceptor.java:40)- 请求参数, url: http://localhost:9090/error, method: GET, params: null
2020-11-18 10:35:57,242 [http-nio-9090-exec-2] [com.example.demo.config.MyHttpInterceptor] [INFO] (MyHttpInterceptor.java:40)- 请求参数, url: http://localhost:9090/error, method: GET, params: null
2020-11-18 10:35:57,854 [http-nio-9090-exec-3] [com.example.demo.config.MyHttpInterceptor] [INFO] (MyHttpInterceptor.java:40)- 请求参数, url: http://localhost:9090/error, method: GET, params: null
2020-11-18 10:35:58,469 [http-nio-9090-exec-4] [com.example.demo.config.MyHttpInterceptor] [INFO] (MyHttpInterceptor.java:40)- 请求参数, url: http://localhost:9090/error, method: GET, params: null
2020-11-18 10:35:59,086 [http-nio-9090-exec-5] [com.example.demo.config.MyHttpInterceptor] [INFO] (MyHttpInterceptor.java:40)- 请求参数, url: http://localhost:9090/error, method: GET, params: null
2020-11-18 10:35:59,194 [http-nio-9090-exec-6] [com.example.demo.config.MyHttpInterceptor] [INFO] (MyHttpInterceptor.java:40)- 请求参数, url: http://localhost:9090/hello, method: GET, params: null
2020-11-18 10:35:59,195 [http-nio-9090-exec-6] [com.example.demo.controller.Initcontroller] [INFO] (Initcontroller.java:29)- hello
2020-11-18 10:36:13,490 [http-nio-9090-exec-8] [com.example.demo.config.MyHttpInterceptor] [INFO] (MyHttpInterceptor.java:40)- 请求参数, url: http://localhost:9090/error, method: GET, params: null
2020-11-18 10:36:14,101 [http-nio-9090-exec-9] [com.example.demo.config.MyHttpInterceptor] [INFO] (MyHttpInterceptor.java:40)- 请求参数, url: http://localhost:9090/error, method: GET, params: null
2020-11-18 10:36:14,290 [http-nio-9090-exec-10] [com.example.demo.config.MyHttpInterceptor] [INFO] (MyHttpInterceptor.java:40)- 请求参数, url: http://localhost:9090/exception, method: GET, params: null
2020-11-18 10:36:14,330 [http-nio-9090-exec-10] [com.example.demo.exception.GlobalExceptionHandler] [ERROR] (GlobalExceptionHandler.java:34)- 系统异常【全局异常处理】：/ by zero
java.lang.ArithmeticException: / by zero
	at com.example.demo.controller.Initcontroller.exception(Initcontroller.java:41)
	at sun.reflect.NativeMethodAccessorImpl.invoke0(Native Method)
	at sun.reflect.NativeMethodAccessorImpl.invoke(Unknown Source)
	at sun.reflect.DelegatingMethodAccessorImpl.invoke(Unknown Source)
	at java.lang.reflect.Method.invoke(Unknown Source)
	at org.springframework.web.method.support.InvocableHandlerMethod.doInvoke(InvocableHandlerMethod.java:189)
	at org.springframework.web.method.support.InvocableHandlerMethod.invokeForRequest(InvocableHandlerMethod.java:138)
	at org.springframework.web.servlet.mvc.method.annotation.ServletInvocableHandlerMethod.invokeAndHandle(ServletInvocableHandlerMethod.java:102)
	at org.springframework.web.servlet.mvc.method.annotation.RequestMappingHandlerAdapter.invokeHandlerMethod(RequestMappingHandlerAdapter.java:895)
	at org.springframework.web.servlet.mvc.method.annotation.RequestMappingHandlerAdapter.handleInternal(RequestMappingHandlerAdapter.java:800)
	at org.springframework.web.servlet.mvc.method.AbstractHandlerMethodAdapter.handle(AbstractHandlerMethodAdapter.java:87)
	at org.springframework.web.servlet.DispatcherServlet.doDispatch(DispatcherServlet.java:1038)
	at org.springframework.web.servlet.DispatcherServlet.doService(DispatcherServlet.java:942)
	at org.springframework.web.servlet.FrameworkServlet.processRequest(FrameworkServlet.java:1005)
	at org.springframework.web.servlet.FrameworkServlet.doGet(FrameworkServlet.java:897)
	at javax.servlet.http.HttpServlet.service(HttpServlet.java:634)
	at org.springframework.web.servlet.FrameworkServlet.service(FrameworkServlet.java:882)
	at javax.servlet.http.HttpServlet.service(HttpServlet.java:741)
	at org.apache.catalina.core.ApplicationFilterChain.internalDoFilter(ApplicationFilterChain.java:231)
	at org.apache.catalina.core.ApplicationFilterChain.doFilter(ApplicationFilterChain.java:166)
	at org.apache.tomcat.websocket.server.WsFilter.doFilter(WsFilter.java:53)
	at org.apache.catalina.core.ApplicationFilterChain.internalDoFilter(ApplicationFilterChain.java:193)
	at org.apache.catalina.core.ApplicationFilterChain.doFilter(ApplicationFilterChain.java:166)
	at org.springframework.web.filter.CorsFilter.doFilterInternal(CorsFilter.java:96)
	at org.springframework.web.filter.OncePerRequestFilter.doFilter(OncePerRequestFilter.java:107)
	at org.apache.catalina.core.ApplicationFilterChain.internalDoFilter(ApplicationFilterChain.java:193)
	at org.apache.catalina.core.ApplicationFilterChain.doFilter(ApplicationFilterChain.java:166)
	at com.github.xiaoymin.swaggerbootstrapui.filter.SecurityBasicAuthFilter.doFilter(SecurityBasicAuthFilter.java:84)
	at org.apache.catalina.core.ApplicationFilterChain.internalDoFilter(ApplicationFilterChain.java:193)
	at org.apache.catalina.core.ApplicationFilterChain.doFilter(ApplicationFilterChain.java:166)
	at com.github.xiaoymin.swaggerbootstrapui.filter.ProductionSecurityFilter.doFilter(ProductionSecurityFilter.java:53)
	at org.apache.catalina.core.ApplicationFilterChain.internalDoFilter(ApplicationFilterChain.java:193)
	at org.apache.catalina.core.ApplicationFilterChain.doFilter(ApplicationFilterChain.java:166)
	at org.springframework.web.filter.CharacterEncodingFilter.doFilterInternal(CharacterEncodingFilter.java:200)
	at org.springframework.web.filter.OncePerRequestFilter.doFilter(OncePerRequestFilter.java:107)
	at org.apache.catalina.core.ApplicationFilterChain.internalDoFilter(ApplicationFilterChain.java:193)
	at org.apache.catalina.core.ApplicationFilterChain.doFilter(ApplicationFilterChain.java:166)
	at org.apache.catalina.core.StandardWrapperValve.invoke(StandardWrapperValve.java:200)
	at org.apache.catalina.core.StandardContextValve.invoke(StandardContextValve.java:96)
	at org.apache.catalina.authenticator.AuthenticatorBase.invoke(AuthenticatorBase.java:490)
	at org.apache.catalina.core.StandardHostValve.invoke(StandardHostValve.java:139)
	at org.apache.catalina.valves.ErrorReportValve.invoke(ErrorReportValve.java:92)
	at org.apache.catalina.core.StandardEngineValve.invoke(StandardEngineValve.java:74)
	at org.apache.catalina.connector.CoyoteAdapter.service(CoyoteAdapter.java:343)
	at org.apache.coyote.http11.Http11Processor.service(Http11Processor.java:408)
	at org.apache.coyote.AbstractProcessorLight.process(AbstractProcessorLight.java:66)
	at org.apache.coyote.AbstractProtocol$ConnectionHandler.process(AbstractProtocol.java:834)
	at org.apache.tomcat.util.net.NioEndpoint$SocketProcessor.doRun(NioEndpoint.java:1415)
	at org.apache.tomcat.util.net.SocketProcessorBase.run(SocketProcessorBase.java:49)
	at java.util.concurrent.ThreadPoolExecutor.runWorker(Unknown Source)
	at java.util.concurrent.ThreadPoolExecutor$Worker.run(Unknown Source)
	at org.apache.tomcat.util.threads.TaskThread$WrappingRunnable.run(TaskThread.java:61)
	at java.lang.Thread.run(Unknown Source)
2020-11-18 10:36:34,389 [http-nio-9090-exec-2] [com.example.demo.config.MyHttpInterceptor] [INFO] (MyHttpInterceptor.java:40)- 请求参数, url: http://localhost:9090/error, method: GET, params: null
2020-11-18 10:36:34,995 [http-nio-9090-exec-3] [com.example.demo.config.MyHttpInterceptor] [INFO] (MyHttpInterceptor.java:40)- 请求参数, url: http://localhost:9090/error, method: GET, params: null
2020-11-18 10:36:35,611 [http-nio-9090-exec-4] [com.example.demo.config.MyHttpInterceptor] [INFO] (MyHttpInterceptor.java:40)- 请求参数, url: http://localhost:9090/error, method: GET, params: null
2020-11-18 10:36:36,212 [http-nio-9090-exec-5] [com.example.demo.config.MyHttpInterceptor] [INFO] (MyHttpInterceptor.java:40)- 请求参数, url: http://localhost:9090/error, method: GET, params: null
2020-11-18 10:36:36,828 [http-nio-9090-exec-6] [com.example.demo.config.MyHttpInterceptor] [INFO] (MyHttpInterceptor.java:40)- 请求参数, url: http://localhost:9090/error, method: GET, params: null
2020-11-18 10:36:37,429 [http-nio-9090-exec-7] [com.example.demo.config.MyHttpInterceptor] [INFO] (MyHttpInterceptor.java:40)- 请求参数, url: http://localhost:9090/error, method: GET, params: null
2020-11-18 10:36:38,046 [http-nio-9090-exec-8] [com.example.demo.config.MyHttpInterceptor] [INFO] (MyHttpInterceptor.java:40)- 请求参数, url: http://localhost:9090/error, method: GET, params: null
2020-11-18 10:36:38,660 [http-nio-9090-exec-9] [com.example.demo.config.MyHttpInterceptor] [INFO] (MyHttpInterceptor.java:40)- 请求参数, url: http://localhost:9090/error, method: GET, params: null
2020-11-18 10:36:39,260 [http-nio-9090-exec-10] [com.example.demo.config.MyHttpInterceptor] [INFO] (MyHttpInterceptor.java:40)- 请求参数, url: http://localhost:9090/error, method: GET, params: null
2020-11-18 10:36:39,523 [http-nio-9090-exec-1] [com.example.demo.config.MyHttpInterceptor] [INFO] (MyHttpInterceptor.java:40)- 请求参数, url: http://localhost:9090/error, method: GET, params: null
2020-11-18 10:36:59,382 [http-nio-9090-exec-3] [com.example.demo.config.MyHttpInterceptor] [INFO] (MyHttpInterceptor.java:40)- 请求参数, url: http://localhost:9090/error, method: GET, params: null
2020-11-18 10:36:59,989 [http-nio-9090-exec-4] [com.example.demo.config.MyHttpInterceptor] [INFO] (MyHttpInterceptor.java:40)- 请求参数, url: http://localhost:9090/error, method: GET, params: null
2020-11-18 10:37:00,589 [http-nio-9090-exec-5] [com.example.demo.config.MyHttpInterceptor] [INFO] (MyHttpInterceptor.java:40)- 请求参数, url: http://localhost:9090/error, method: GET, params: null
2020-11-18 10:37:01,206 [http-nio-9090-exec-6] [com.example.demo.config.MyHttpInterceptor] [INFO] (MyHttpInterceptor.java:40)- 请求参数, url: http://localhost:9090/error, method: GET, params: null
2020-11-18 10:37:01,824 [http-nio-9090-exec-7] [com.example.demo.config.MyHttpInterceptor] [INFO] (MyHttpInterceptor.java:40)- 请求参数, url: http://localhost:9090/error, method: GET, params: null
2020-11-18 10:37:02,440 [http-nio-9090-exec-8] [com.example.demo.config.MyHttpInterceptor] [INFO] (MyHttpInterceptor.java:40)- 请求参数, url: http://localhost:9090/error, method: GET, params: null
2020-11-18 10:37:03,056 [http-nio-9090-exec-9] [com.example.demo.config.MyHttpInterceptor] [INFO] (MyHttpInterceptor.java:40)- 请求参数, url: http://localhost:9090/error, method: GET, params: null
2020-11-18 10:37:03,672 [http-nio-9090-exec-10] [com.example.demo.config.MyHttpInterceptor] [INFO] (MyHttpInterceptor.java:40)- 请求参数, url: http://localhost:9090/error, method: GET, params: null
2020-11-18 10:37:03,995 [http-nio-9090-exec-1] [com.example.demo.config.MyHttpInterceptor] [INFO] (MyHttpInterceptor.java:40)- 请求参数, url: http://localhost:9090/error, method: GET, params: username=
2020-11-18 10:38:36,459 [http-nio-9090-exec-4] [com.example.demo.config.MyHttpInterceptor] [INFO] (MyHttpInterceptor.java:40)- 请求参数, url: http://localhost:9090/doc.html, method: GET, params: null
2020-11-18 10:38:37,118 [http-nio-9090-exec-5] [com.example.demo.config.MyHttpInterceptor] [INFO] (MyHttpInterceptor.java:40)- 请求参数, url: http://localhost:9090/swagger-resources, method: GET, params: null
2020-11-18 10:43:53,959 [http-nio-9090-exec-9] [com.example.demo.config.MyHttpInterceptor] [INFO] (MyHttpInterceptor.java:40)- 请求参数, url: http://localhost:9090/doc.html, method: GET, params: null
2020-11-18 10:43:54,390 [http-nio-9090-exec-10] [com.example.demo.config.MyHttpInterceptor] [INFO] (MyHttpInterceptor.java:40)- 请求参数, url: http://localhost:9090/swagger-resources, method: GET, params: null
2020-11-18 10:43:54,415 [http-nio-9090-exec-2] [com.example.demo.config.MyHttpInterceptor] [INFO] (MyHttpInterceptor.java:40)- 请求参数, url: http://localhost:9090/webjars/bycdao-ui/images/api.ico, method: GET, params: null
2020-11-18 10:46:14,654 [main] [com.example.demo.SpringbootValidApplication] [INFO] (StartupInfoLogger.java:50)- Starting SpringbootValidApplication on DESKTOP-MPF9R39 with PID 4328 (E:\workspace-spring-tool-suite-4-4.1.2.RELEASE\springboot-valid\target\classes started by zuoruibo in E:\workspace-spring-tool-suite-4-4.1.2.RELEASE\springboot-valid)
2020-11-18 10:46:14,656 [main] [com.example.demo.SpringbootValidApplication] [DEBUG] (StartupInfoLogger.java:53)- Running with Spring Boot v2.1.3.RELEASE, Spring v5.1.5.RELEASE
2020-11-18 10:46:14,657 [main] [com.example.demo.SpringbootValidApplication] [INFO] (SpringApplication.java:675)- No active profile set, falling back to default profiles: default
2020-11-18 10:46:16,908 [main] [com.example.demo.SpringbootValidApplication] [INFO] (StartupInfoLogger.java:59)- Started SpringbootValidApplication in 2.561 seconds (JVM running for 4.481)
2020-11-18 10:47:09,324 [http-nio-9090-exec-1] [com.example.demo.config.MyHttpInterceptor] [INFO] (MyHttpInterceptor.java:40)- 请求参数, url: http://localhost:9090/doc.html, method: GET, params: null
2020-11-18 10:47:09,759 [http-nio-9090-exec-2] [com.example.demo.config.MyHttpInterceptor] [INFO] (MyHttpInterceptor.java:40)- 请求参数, url: http://localhost:9090/swagger-resources, method: GET, params: null
2020-11-18 10:47:10,708 [http-nio-9090-exec-4] [com.example.demo.config.MyHttpInterceptor] [INFO] (MyHttpInterceptor.java:40)- 请求参数, url: http://localhost:9090/webjars/bycdao-ui/images/api.ico, method: GET, params: null
2020-11-18 10:47:10,722 [http-nio-9090-exec-5] [com.example.demo.config.MyHttpInterceptor] [INFO] (MyHttpInterceptor.java:40)- 请求参数, url: http://localhost:9090/doc.html, method: GET, params: null
2020-11-18 10:47:11,004 [http-nio-9090-exec-6] [com.example.demo.config.MyHttpInterceptor] [INFO] (MyHttpInterceptor.java:40)- 请求参数, url: http://localhost:9090/swagger-resources, method: GET, params: null
2020-11-18 10:47:13,539 [http-nio-9090-exec-8] [com.example.demo.config.MyHttpInterceptor] [INFO] (MyHttpInterceptor.java:40)- 请求参数, url: http://localhost:9090/webjars/bycdao-ui/ace-editor/mode-json.js, method: GET, params: null
2020-11-18 10:47:13,541 [http-nio-9090-exec-9] [com.example.demo.config.MyHttpInterceptor] [INFO] (MyHttpInterceptor.java:40)- 请求参数, url: http://localhost:9090/webjars/bycdao-ui/ace-editor/theme-eclipse.js, method: GET, params: null
2020-11-18 10:47:13,698 [http-nio-9090-exec-10] [com.example.demo.config.MyHttpInterceptor] [INFO] (MyHttpInterceptor.java:40)- 请求参数, url: http://localhost:9090/webjars/bycdao-ui/layui/font/iconfont.woff, method: GET, params: v=240
2020-11-18 10:47:13,721 [http-nio-9090-exec-1] [com.example.demo.config.MyHttpInterceptor] [INFO] (MyHttpInterceptor.java:40)- 请求参数, url: http://localhost:9090/webjars/bycdao-ui/ace-editor/worker-json.js, method: GET, params: null
2020-11-18 10:50:00,376 [http-nio-9090-exec-4] [com.example.demo.config.MyHttpInterceptor] [INFO] (MyHttpInterceptor.java:40)- 请求参数, url: http://localhost:9090/webjars/bycdao-ui/layer3.0.3/skin/default/loading-1.gif, method: GET, params: null
2020-11-18 10:50:00,379 [http-nio-9090-exec-5] [com.example.demo.config.MyHttpInterceptor] [INFO] (MyHttpInterceptor.java:40)- 请求参数, url: http://localhost:9090/api/test/get/123, method: GET, params: null
2020-11-18 10:50:00,381 [http-nio-9090-exec-5] [com.example.demo.controller.GetController] [DEBUG] (GetController.java:53)- enter test get api...
2020-11-18 10:50:11,214 [http-nio-9090-exec-6] [com.example.demo.config.MyHttpInterceptor] [INFO] (MyHttpInterceptor.java:40)- 请求参数, url: http://localhost:9090/api/test/get/123, method: GET, params: null
2020-11-18 10:50:11,215 [http-nio-9090-exec-6] [com.example.demo.controller.GetController] [DEBUG] (GetController.java:53)- enter test get api...
2020-11-18 10:50:23,957 [http-nio-9090-exec-7] [com.example.demo.config.MyHttpInterceptor] [INFO] (MyHttpInterceptor.java:40)- 请求参数, url: http://localhost:9090/api/test/post, method: POST, params: null
2020-11-18 10:50:24,234 [http-nio-9090-exec-7] [com.example.demo.exception.GlobalExceptionHandler] [ERROR] (GlobalExceptionHandler.java:73)- 数验证异常
org.springframework.web.bind.MethodArgumentNotValidException: Validation failed for argument [0] in public com.example.demo.util.JsonResult com.example.demo.controller.GetController.testPost(com.example.demo.controller.base.BaseDTO<com.example.demo.dto.GetUserByIdDTO>): [Field error in object 'baseDTO' on field 'param.userId': rejected value []; codes [NotEmpty.baseDTO.param.userId,NotEmpty.param.userId,NotEmpty.userId,NotEmpty.java.lang.String,NotEmpty]; arguments [org.springframework.context.support.DefaultMessageSourceResolvable: codes [baseDTO.param.userId,param.userId]; arguments []; default message [param.userId]]; default message [[userId值]不能为空]] 
	at org.springframework.web.servlet.mvc.method.annotation.RequestResponseBodyMethodProcessor.resolveArgument(RequestResponseBodyMethodProcessor.java:138)
	at org.springframework.web.method.support.HandlerMethodArgumentResolverComposite.resolveArgument(HandlerMethodArgumentResolverComposite.java:126)
	at org.springframework.web.method.support.InvocableHandlerMethod.getMethodArgumentValues(InvocableHandlerMethod.java:166)
	at org.springframework.web.method.support.InvocableHandlerMethod.invokeForRequest(InvocableHandlerMethod.java:134)
	at org.springframework.web.servlet.mvc.method.annotation.ServletInvocableHandlerMethod.invokeAndHandle(ServletInvocableHandlerMethod.java:102)
	at org.springframework.web.servlet.mvc.method.annotation.RequestMappingHandlerAdapter.invokeHandlerMethod(RequestMappingHandlerAdapter.java:895)
	at org.springframework.web.servlet.mvc.method.annotation.RequestMappingHandlerAdapter.handleInternal(RequestMappingHandlerAdapter.java:800)
	at org.springframework.web.servlet.mvc.method.AbstractHandlerMethodAdapter.handle(AbstractHandlerMethodAdapter.java:87)
	at org.springframework.web.servlet.DispatcherServlet.doDispatch(DispatcherServlet.java:1038)
	at org.springframework.web.servlet.DispatcherServlet.doService(DispatcherServlet.java:942)
	at org.springframework.web.servlet.FrameworkServlet.processRequest(FrameworkServlet.java:1005)
	at org.springframework.web.servlet.FrameworkServlet.doPost(FrameworkServlet.java:908)
	at javax.servlet.http.HttpServlet.service(HttpServlet.java:660)
	at org.springframework.web.servlet.FrameworkServlet.service(FrameworkServlet.java:882)
	at javax.servlet.http.HttpServlet.service(HttpServlet.java:741)
	at org.apache.catalina.core.ApplicationFilterChain.internalDoFilter(ApplicationFilterChain.java:231)
	at org.apache.catalina.core.ApplicationFilterChain.doFilter(ApplicationFilterChain.java:166)
	at org.apache.tomcat.websocket.server.WsFilter.doFilter(WsFilter.java:53)
	at org.apache.catalina.core.ApplicationFilterChain.internalDoFilter(ApplicationFilterChain.java:193)
	at org.apache.catalina.core.ApplicationFilterChain.doFilter(ApplicationFilterChain.java:166)
	at org.springframework.web.filter.CorsFilter.doFilterInternal(CorsFilter.java:96)
	at org.springframework.web.filter.OncePerRequestFilter.doFilter(OncePerRequestFilter.java:107)
	at org.apache.catalina.core.ApplicationFilterChain.internalDoFilter(ApplicationFilterChain.java:193)
	at org.apache.catalina.core.ApplicationFilterChain.doFilter(ApplicationFilterChain.java:166)
	at com.github.xiaoymin.swaggerbootstrapui.filter.SecurityBasicAuthFilter.doFilter(SecurityBasicAuthFilter.java:84)
	at org.apache.catalina.core.ApplicationFilterChain.internalDoFilter(ApplicationFilterChain.java:193)
	at org.apache.catalina.core.ApplicationFilterChain.doFilter(ApplicationFilterChain.java:166)
	at com.github.xiaoymin.swaggerbootstrapui.filter.ProductionSecurityFilter.doFilter(ProductionSecurityFilter.java:53)
	at org.apache.catalina.core.ApplicationFilterChain.internalDoFilter(ApplicationFilterChain.java:193)
	at org.apache.catalina.core.ApplicationFilterChain.doFilter(ApplicationFilterChain.java:166)
	at org.springframework.web.filter.CharacterEncodingFilter.doFilterInternal(CharacterEncodingFilter.java:200)
	at org.springframework.web.filter.OncePerRequestFilter.doFilter(OncePerRequestFilter.java:107)
	at org.apache.catalina.core.ApplicationFilterChain.internalDoFilter(ApplicationFilterChain.java:193)
	at org.apache.catalina.core.ApplicationFilterChain.doFilter(ApplicationFilterChain.java:166)
	at org.apache.catalina.core.StandardWrapperValve.invoke(StandardWrapperValve.java:200)
	at org.apache.catalina.core.StandardContextValve.invoke(StandardContextValve.java:96)
	at org.apache.catalina.authenticator.AuthenticatorBase.invoke(AuthenticatorBase.java:490)
	at org.apache.catalina.core.StandardHostValve.invoke(StandardHostValve.java:139)
	at org.apache.catalina.valves.ErrorReportValve.invoke(ErrorReportValve.java:92)
	at org.apache.catalina.core.StandardEngineValve.invoke(StandardEngineValve.java:74)
	at org.apache.catalina.connector.CoyoteAdapter.service(CoyoteAdapter.java:343)
	at org.apache.coyote.http11.Http11Processor.service(Http11Processor.java:408)
	at org.apache.coyote.AbstractProcessorLight.process(AbstractProcessorLight.java:66)
	at org.apache.coyote.AbstractProtocol$ConnectionHandler.process(AbstractProtocol.java:834)
	at org.apache.tomcat.util.net.NioEndpoint$SocketProcessor.doRun(NioEndpoint.java:1415)
	at org.apache.tomcat.util.net.SocketProcessorBase.run(SocketProcessorBase.java:49)
	at java.util.concurrent.ThreadPoolExecutor.runWorker(Unknown Source)
	at java.util.concurrent.ThreadPoolExecutor$Worker.run(Unknown Source)
	at org.apache.tomcat.util.threads.TaskThread$WrappingRunnable.run(TaskThread.java:61)
	at java.lang.Thread.run(Unknown Source)
2020-11-18 10:50:31,958 [http-nio-9090-exec-8] [com.example.demo.config.MyHttpInterceptor] [INFO] (MyHttpInterceptor.java:40)- 请求参数, url: http://localhost:9090/api/test/post, method: POST, params: null
2020-11-18 10:50:31,960 [http-nio-9090-exec-8] [com.example.demo.exception.GlobalExceptionHandler] [ERROR] (GlobalExceptionHandler.java:73)- 数验证异常
org.springframework.web.bind.MethodArgumentNotValidException: Validation failed for argument [0] in public com.example.demo.util.JsonResult com.example.demo.controller.GetController.testPost(com.example.demo.controller.base.BaseDTO<com.example.demo.dto.GetUserByIdDTO>): [Field error in object 'baseDTO' on field 'param.userId': rejected value []; codes [NotEmpty.baseDTO.param.userId,NotEmpty.param.userId,NotEmpty.userId,NotEmpty.java.lang.String,NotEmpty]; arguments [org.springframework.context.support.DefaultMessageSourceResolvable: codes [baseDTO.param.userId,param.userId]; arguments []; default message [param.userId]]; default message [[userId值]不能为空]] 
	at org.springframework.web.servlet.mvc.method.annotation.RequestResponseBodyMethodProcessor.resolveArgument(RequestResponseBodyMethodProcessor.java:138)
	at org.springframework.web.method.support.HandlerMethodArgumentResolverComposite.resolveArgument(HandlerMethodArgumentResolverComposite.java:126)
	at org.springframework.web.method.support.InvocableHandlerMethod.getMethodArgumentValues(InvocableHandlerMethod.java:166)
	at org.springframework.web.method.support.InvocableHandlerMethod.invokeForRequest(InvocableHandlerMethod.java:134)
	at org.springframework.web.servlet.mvc.method.annotation.ServletInvocableHandlerMethod.invokeAndHandle(ServletInvocableHandlerMethod.java:102)
	at org.springframework.web.servlet.mvc.method.annotation.RequestMappingHandlerAdapter.invokeHandlerMethod(RequestMappingHandlerAdapter.java:895)
	at org.springframework.web.servlet.mvc.method.annotation.RequestMappingHandlerAdapter.handleInternal(RequestMappingHandlerAdapter.java:800)
	at org.springframework.web.servlet.mvc.method.AbstractHandlerMethodAdapter.handle(AbstractHandlerMethodAdapter.java:87)
	at org.springframework.web.servlet.DispatcherServlet.doDispatch(DispatcherServlet.java:1038)
	at org.springframework.web.servlet.DispatcherServlet.doService(DispatcherServlet.java:942)
	at org.springframework.web.servlet.FrameworkServlet.processRequest(FrameworkServlet.java:1005)
	at org.springframework.web.servlet.FrameworkServlet.doPost(FrameworkServlet.java:908)
	at javax.servlet.http.HttpServlet.service(HttpServlet.java:660)
	at org.springframework.web.servlet.FrameworkServlet.service(FrameworkServlet.java:882)
	at javax.servlet.http.HttpServlet.service(HttpServlet.java:741)
	at org.apache.catalina.core.ApplicationFilterChain.internalDoFilter(ApplicationFilterChain.java:231)
	at org.apache.catalina.core.ApplicationFilterChain.doFilter(ApplicationFilterChain.java:166)
	at org.apache.tomcat.websocket.server.WsFilter.doFilter(WsFilter.java:53)
	at org.apache.catalina.core.ApplicationFilterChain.internalDoFilter(ApplicationFilterChain.java:193)
	at org.apache.catalina.core.ApplicationFilterChain.doFilter(ApplicationFilterChain.java:166)
	at org.springframework.web.filter.CorsFilter.doFilterInternal(CorsFilter.java:96)
	at org.springframework.web.filter.OncePerRequestFilter.doFilter(OncePerRequestFilter.java:107)
	at org.apache.catalina.core.ApplicationFilterChain.internalDoFilter(ApplicationFilterChain.java:193)
	at org.apache.catalina.core.ApplicationFilterChain.doFilter(ApplicationFilterChain.java:166)
	at com.github.xiaoymin.swaggerbootstrapui.filter.SecurityBasicAuthFilter.doFilter(SecurityBasicAuthFilter.java:84)
	at org.apache.catalina.core.ApplicationFilterChain.internalDoFilter(ApplicationFilterChain.java:193)
	at org.apache.catalina.core.ApplicationFilterChain.doFilter(ApplicationFilterChain.java:166)
	at com.github.xiaoymin.swaggerbootstrapui.filter.ProductionSecurityFilter.doFilter(ProductionSecurityFilter.java:53)
	at org.apache.catalina.core.ApplicationFilterChain.internalDoFilter(ApplicationFilterChain.java:193)
	at org.apache.catalina.core.ApplicationFilterChain.doFilter(ApplicationFilterChain.java:166)
	at org.springframework.web.filter.CharacterEncodingFilter.doFilterInternal(CharacterEncodingFilter.java:200)
	at org.springframework.web.filter.OncePerRequestFilter.doFilter(OncePerRequestFilter.java:107)
	at org.apache.catalina.core.ApplicationFilterChain.internalDoFilter(ApplicationFilterChain.java:193)
	at org.apache.catalina.core.ApplicationFilterChain.doFilter(ApplicationFilterChain.java:166)
	at org.apache.catalina.core.StandardWrapperValve.invoke(StandardWrapperValve.java:200)
	at org.apache.catalina.core.StandardContextValve.invoke(StandardContextValve.java:96)
	at org.apache.catalina.authenticator.AuthenticatorBase.invoke(AuthenticatorBase.java:490)
	at org.apache.catalina.core.StandardHostValve.invoke(StandardHostValve.java:139)
	at org.apache.catalina.valves.ErrorReportValve.invoke(ErrorReportValve.java:92)
	at org.apache.catalina.core.StandardEngineValve.invoke(StandardEngineValve.java:74)
	at org.apache.catalina.connector.CoyoteAdapter.service(CoyoteAdapter.java:343)
	at org.apache.coyote.http11.Http11Processor.service(Http11Processor.java:408)
	at org.apache.coyote.AbstractProcessorLight.process(AbstractProcessorLight.java:66)
	at org.apache.coyote.AbstractProtocol$ConnectionHandler.process(AbstractProtocol.java:834)
	at org.apache.tomcat.util.net.NioEndpoint$SocketProcessor.doRun(NioEndpoint.java:1415)
	at org.apache.tomcat.util.net.SocketProcessorBase.run(SocketProcessorBase.java:49)
	at java.util.concurrent.ThreadPoolExecutor.runWorker(Unknown Source)
	at java.util.concurrent.ThreadPoolExecutor$Worker.run(Unknown Source)
	at org.apache.tomcat.util.threads.TaskThread$WrappingRunnable.run(TaskThread.java:61)
	at java.lang.Thread.run(Unknown Source)
2020-11-18 10:50:32,917 [http-nio-9090-exec-9] [com.example.demo.config.MyHttpInterceptor] [INFO] (MyHttpInterceptor.java:40)- 请求参数, url: http://localhost:9090/api/test/post, method: POST, params: null
2020-11-18 10:50:32,920 [http-nio-9090-exec-9] [com.example.demo.exception.GlobalExceptionHandler] [ERROR] (GlobalExceptionHandler.java:73)- 数验证异常
org.springframework.web.bind.MethodArgumentNotValidException: Validation failed for argument [0] in public com.example.demo.util.JsonResult com.example.demo.controller.GetController.testPost(com.example.demo.controller.base.BaseDTO<com.example.demo.dto.GetUserByIdDTO>): [Field error in object 'baseDTO' on field 'param.userId': rejected value []; codes [NotEmpty.baseDTO.param.userId,NotEmpty.param.userId,NotEmpty.userId,NotEmpty.java.lang.String,NotEmpty]; arguments [org.springframework.context.support.DefaultMessageSourceResolvable: codes [baseDTO.param.userId,param.userId]; arguments []; default message [param.userId]]; default message [[userId值]不能为空]] 
	at org.springframework.web.servlet.mvc.method.annotation.RequestResponseBodyMethodProcessor.resolveArgument(RequestResponseBodyMethodProcessor.java:138)
	at org.springframework.web.method.support.HandlerMethodArgumentResolverComposite.resolveArgument(HandlerMethodArgumentResolverComposite.java:126)
	at org.springframework.web.method.support.InvocableHandlerMethod.getMethodArgumentValues(InvocableHandlerMethod.java:166)
	at org.springframework.web.method.support.InvocableHandlerMethod.invokeForRequest(InvocableHandlerMethod.java:134)
	at org.springframework.web.servlet.mvc.method.annotation.ServletInvocableHandlerMethod.invokeAndHandle(ServletInvocableHandlerMethod.java:102)
	at org.springframework.web.servlet.mvc.method.annotation.RequestMappingHandlerAdapter.invokeHandlerMethod(RequestMappingHandlerAdapter.java:895)
	at org.springframework.web.servlet.mvc.method.annotation.RequestMappingHandlerAdapter.handleInternal(RequestMappingHandlerAdapter.java:800)
	at org.springframework.web.servlet.mvc.method.AbstractHandlerMethodAdapter.handle(AbstractHandlerMethodAdapter.java:87)
	at org.springframework.web.servlet.DispatcherServlet.doDispatch(DispatcherServlet.java:1038)
	at org.springframework.web.servlet.DispatcherServlet.doService(DispatcherServlet.java:942)
	at org.springframework.web.servlet.FrameworkServlet.processRequest(FrameworkServlet.java:1005)
	at org.springframework.web.servlet.FrameworkServlet.doPost(FrameworkServlet.java:908)
	at javax.servlet.http.HttpServlet.service(HttpServlet.java:660)
	at org.springframework.web.servlet.FrameworkServlet.service(FrameworkServlet.java:882)
	at javax.servlet.http.HttpServlet.service(HttpServlet.java:741)
	at org.apache.catalina.core.ApplicationFilterChain.internalDoFilter(ApplicationFilterChain.java:231)
	at org.apache.catalina.core.ApplicationFilterChain.doFilter(ApplicationFilterChain.java:166)
	at org.apache.tomcat.websocket.server.WsFilter.doFilter(WsFilter.java:53)
	at org.apache.catalina.core.ApplicationFilterChain.internalDoFilter(ApplicationFilterChain.java:193)
	at org.apache.catalina.core.ApplicationFilterChain.doFilter(ApplicationFilterChain.java:166)
	at org.springframework.web.filter.CorsFilter.doFilterInternal(CorsFilter.java:96)
	at org.springframework.web.filter.OncePerRequestFilter.doFilter(OncePerRequestFilter.java:107)
	at org.apache.catalina.core.ApplicationFilterChain.internalDoFilter(ApplicationFilterChain.java:193)
	at org.apache.catalina.core.ApplicationFilterChain.doFilter(ApplicationFilterChain.java:166)
	at com.github.xiaoymin.swaggerbootstrapui.filter.SecurityBasicAuthFilter.doFilter(SecurityBasicAuthFilter.java:84)
	at org.apache.catalina.core.ApplicationFilterChain.internalDoFilter(ApplicationFilterChain.java:193)
	at org.apache.catalina.core.ApplicationFilterChain.doFilter(ApplicationFilterChain.java:166)
	at com.github.xiaoymin.swaggerbootstrapui.filter.ProductionSecurityFilter.doFilter(ProductionSecurityFilter.java:53)
	at org.apache.catalina.core.ApplicationFilterChain.internalDoFilter(ApplicationFilterChain.java:193)
	at org.apache.catalina.core.ApplicationFilterChain.doFilter(ApplicationFilterChain.java:166)
	at org.springframework.web.filter.CharacterEncodingFilter.doFilterInternal(CharacterEncodingFilter.java:200)
	at org.springframework.web.filter.OncePerRequestFilter.doFilter(OncePerRequestFilter.java:107)
	at org.apache.catalina.core.ApplicationFilterChain.internalDoFilter(ApplicationFilterChain.java:193)
	at org.apache.catalina.core.ApplicationFilterChain.doFilter(ApplicationFilterChain.java:166)
	at org.apache.catalina.core.StandardWrapperValve.invoke(StandardWrapperValve.java:200)
	at org.apache.catalina.core.StandardContextValve.invoke(StandardContextValve.java:96)
	at org.apache.catalina.authenticator.AuthenticatorBase.invoke(AuthenticatorBase.java:490)
	at org.apache.catalina.core.StandardHostValve.invoke(StandardHostValve.java:139)
	at org.apache.catalina.valves.ErrorReportValve.invoke(ErrorReportValve.java:92)
	at org.apache.catalina.core.StandardEngineValve.invoke(StandardEngineValve.java:74)
	at org.apache.catalina.connector.CoyoteAdapter.service(CoyoteAdapter.java:343)
	at org.apache.coyote.http11.Http11Processor.service(Http11Processor.java:408)
	at org.apache.coyote.AbstractProcessorLight.process(AbstractProcessorLight.java:66)
	at org.apache.coyote.AbstractProtocol$ConnectionHandler.process(AbstractProtocol.java:834)
	at org.apache.tomcat.util.net.NioEndpoint$SocketProcessor.doRun(NioEndpoint.java:1415)
	at org.apache.tomcat.util.net.SocketProcessorBase.run(SocketProcessorBase.java:49)
	at java.util.concurrent.ThreadPoolExecutor.runWorker(Unknown Source)
	at java.util.concurrent.ThreadPoolExecutor$Worker.run(Unknown Source)
	at org.apache.tomcat.util.threads.TaskThread$WrappingRunnable.run(TaskThread.java:61)
	at java.lang.Thread.run(Unknown Source)
2020-11-18 10:50:33,118 [http-nio-9090-exec-10] [com.example.demo.config.MyHttpInterceptor] [INFO] (MyHttpInterceptor.java:40)- 请求参数, url: http://localhost:9090/api/test/post, method: POST, params: null
2020-11-18 10:50:33,120 [http-nio-9090-exec-10] [com.example.demo.exception.GlobalExceptionHandler] [ERROR] (GlobalExceptionHandler.java:73)- 数验证异常
org.springframework.web.bind.MethodArgumentNotValidException: Validation failed for argument [0] in public com.example.demo.util.JsonResult com.example.demo.controller.GetController.testPost(com.example.demo.controller.base.BaseDTO<com.example.demo.dto.GetUserByIdDTO>): [Field error in object 'baseDTO' on field 'param.userId': rejected value []; codes [NotEmpty.baseDTO.param.userId,NotEmpty.param.userId,NotEmpty.userId,NotEmpty.java.lang.String,NotEmpty]; arguments [org.springframework.context.support.DefaultMessageSourceResolvable: codes [baseDTO.param.userId,param.userId]; arguments []; default message [param.userId]]; default message [[userId值]不能为空]] 
	at org.springframework.web.servlet.mvc.method.annotation.RequestResponseBodyMethodProcessor.resolveArgument(RequestResponseBodyMethodProcessor.java:138)
	at org.springframework.web.method.support.HandlerMethodArgumentResolverComposite.resolveArgument(HandlerMethodArgumentResolverComposite.java:126)
	at org.springframework.web.method.support.InvocableHandlerMethod.getMethodArgumentValues(InvocableHandlerMethod.java:166)
	at org.springframework.web.method.support.InvocableHandlerMethod.invokeForRequest(InvocableHandlerMethod.java:134)
	at org.springframework.web.servlet.mvc.method.annotation.ServletInvocableHandlerMethod.invokeAndHandle(ServletInvocableHandlerMethod.java:102)
	at org.springframework.web.servlet.mvc.method.annotation.RequestMappingHandlerAdapter.invokeHandlerMethod(RequestMappingHandlerAdapter.java:895)
	at org.springframework.web.servlet.mvc.method.annotation.RequestMappingHandlerAdapter.handleInternal(RequestMappingHandlerAdapter.java:800)
	at org.springframework.web.servlet.mvc.method.AbstractHandlerMethodAdapter.handle(AbstractHandlerMethodAdapter.java:87)
	at org.springframework.web.servlet.DispatcherServlet.doDispatch(DispatcherServlet.java:1038)
	at org.springframework.web.servlet.DispatcherServlet.doService(DispatcherServlet.java:942)
	at org.springframework.web.servlet.FrameworkServlet.processRequest(FrameworkServlet.java:1005)
	at org.springframework.web.servlet.FrameworkServlet.doPost(FrameworkServlet.java:908)
	at javax.servlet.http.HttpServlet.service(HttpServlet.java:660)
	at org.springframework.web.servlet.FrameworkServlet.service(FrameworkServlet.java:882)
	at javax.servlet.http.HttpServlet.service(HttpServlet.java:741)
	at org.apache.catalina.core.ApplicationFilterChain.internalDoFilter(ApplicationFilterChain.java:231)
	at org.apache.catalina.core.ApplicationFilterChain.doFilter(ApplicationFilterChain.java:166)
	at org.apache.tomcat.websocket.server.WsFilter.doFilter(WsFilter.java:53)
	at org.apache.catalina.core.ApplicationFilterChain.internalDoFilter(ApplicationFilterChain.java:193)
	at org.apache.catalina.core.ApplicationFilterChain.doFilter(ApplicationFilterChain.java:166)
	at org.springframework.web.filter.CorsFilter.doFilterInternal(CorsFilter.java:96)
	at org.springframework.web.filter.OncePerRequestFilter.doFilter(OncePerRequestFilter.java:107)
	at org.apache.catalina.core.ApplicationFilterChain.internalDoFilter(ApplicationFilterChain.java:193)
	at org.apache.catalina.core.ApplicationFilterChain.doFilter(ApplicationFilterChain.java:166)
	at com.github.xiaoymin.swaggerbootstrapui.filter.SecurityBasicAuthFilter.doFilter(SecurityBasicAuthFilter.java:84)
	at org.apache.catalina.core.ApplicationFilterChain.internalDoFilter(ApplicationFilterChain.java:193)
	at org.apache.catalina.core.ApplicationFilterChain.doFilter(ApplicationFilterChain.java:166)
	at com.github.xiaoymin.swaggerbootstrapui.filter.ProductionSecurityFilter.doFilter(ProductionSecurityFilter.java:53)
	at org.apache.catalina.core.ApplicationFilterChain.internalDoFilter(ApplicationFilterChain.java:193)
	at org.apache.catalina.core.ApplicationFilterChain.doFilter(ApplicationFilterChain.java:166)
	at org.springframework.web.filter.CharacterEncodingFilter.doFilterInternal(CharacterEncodingFilter.java:200)
	at org.springframework.web.filter.OncePerRequestFilter.doFilter(OncePerRequestFilter.java:107)
	at org.apache.catalina.core.ApplicationFilterChain.internalDoFilter(ApplicationFilterChain.java:193)
	at org.apache.catalina.core.ApplicationFilterChain.doFilter(ApplicationFilterChain.java:166)
	at org.apache.catalina.core.StandardWrapperValve.invoke(StandardWrapperValve.java:200)
	at org.apache.catalina.core.StandardContextValve.invoke(StandardContextValve.java:96)
	at org.apache.catalina.authenticator.AuthenticatorBase.invoke(AuthenticatorBase.java:490)
	at org.apache.catalina.core.StandardHostValve.invoke(StandardHostValve.java:139)
	at org.apache.catalina.valves.ErrorReportValve.invoke(ErrorReportValve.java:92)
	at org.apache.catalina.core.StandardEngineValve.invoke(StandardEngineValve.java:74)
	at org.apache.catalina.connector.CoyoteAdapter.service(CoyoteAdapter.java:343)
	at org.apache.coyote.http11.Http11Processor.service(Http11Processor.java:408)
	at org.apache.coyote.AbstractProcessorLight.process(AbstractProcessorLight.java:66)
	at org.apache.coyote.AbstractProtocol$ConnectionHandler.process(AbstractProtocol.java:834)
	at org.apache.tomcat.util.net.NioEndpoint$SocketProcessor.doRun(NioEndpoint.java:1415)
	at org.apache.tomcat.util.net.SocketProcessorBase.run(SocketProcessorBase.java:49)
	at java.util.concurrent.ThreadPoolExecutor.runWorker(Unknown Source)
	at java.util.concurrent.ThreadPoolExecutor$Worker.run(Unknown Source)
	at org.apache.tomcat.util.threads.TaskThread$WrappingRunnable.run(TaskThread.java:61)
	at java.lang.Thread.run(Unknown Source)
2020-11-18 10:50:33,318 [http-nio-9090-exec-1] [com.example.demo.config.MyHttpInterceptor] [INFO] (MyHttpInterceptor.java:40)- 请求参数, url: http://localhost:9090/api/test/post, method: POST, params: null
2020-11-18 10:50:33,320 [http-nio-9090-exec-1] [com.example.demo.exception.GlobalExceptionHandler] [ERROR] (GlobalExceptionHandler.java:73)- 数验证异常
org.springframework.web.bind.MethodArgumentNotValidException: Validation failed for argument [0] in public com.example.demo.util.JsonResult com.example.demo.controller.GetController.testPost(com.example.demo.controller.base.BaseDTO<com.example.demo.dto.GetUserByIdDTO>): [Field error in object 'baseDTO' on field 'param.userId': rejected value []; codes [NotEmpty.baseDTO.param.userId,NotEmpty.param.userId,NotEmpty.userId,NotEmpty.java.lang.String,NotEmpty]; arguments [org.springframework.context.support.DefaultMessageSourceResolvable: codes [baseDTO.param.userId,param.userId]; arguments []; default message [param.userId]]; default message [[userId值]不能为空]] 
	at org.springframework.web.servlet.mvc.method.annotation.RequestResponseBodyMethodProcessor.resolveArgument(RequestResponseBodyMethodProcessor.java:138)
	at org.springframework.web.method.support.HandlerMethodArgumentResolverComposite.resolveArgument(HandlerMethodArgumentResolverComposite.java:126)
	at org.springframework.web.method.support.InvocableHandlerMethod.getMethodArgumentValues(InvocableHandlerMethod.java:166)
	at org.springframework.web.method.support.InvocableHandlerMethod.invokeForRequest(InvocableHandlerMethod.java:134)
	at org.springframework.web.servlet.mvc.method.annotation.ServletInvocableHandlerMethod.invokeAndHandle(ServletInvocableHandlerMethod.java:102)
	at org.springframework.web.servlet.mvc.method.annotation.RequestMappingHandlerAdapter.invokeHandlerMethod(RequestMappingHandlerAdapter.java:895)
	at org.springframework.web.servlet.mvc.method.annotation.RequestMappingHandlerAdapter.handleInternal(RequestMappingHandlerAdapter.java:800)
	at org.springframework.web.servlet.mvc.method.AbstractHandlerMethodAdapter.handle(AbstractHandlerMethodAdapter.java:87)
	at org.springframework.web.servlet.DispatcherServlet.doDispatch(DispatcherServlet.java:1038)
	at org.springframework.web.servlet.DispatcherServlet.doService(DispatcherServlet.java:942)
	at org.springframework.web.servlet.FrameworkServlet.processRequest(FrameworkServlet.java:1005)
	at org.springframework.web.servlet.FrameworkServlet.doPost(FrameworkServlet.java:908)
	at javax.servlet.http.HttpServlet.service(HttpServlet.java:660)
	at org.springframework.web.servlet.FrameworkServlet.service(FrameworkServlet.java:882)
	at javax.servlet.http.HttpServlet.service(HttpServlet.java:741)
	at org.apache.catalina.core.ApplicationFilterChain.internalDoFilter(ApplicationFilterChain.java:231)
	at org.apache.catalina.core.ApplicationFilterChain.doFilter(ApplicationFilterChain.java:166)
	at org.apache.tomcat.websocket.server.WsFilter.doFilter(WsFilter.java:53)
	at org.apache.catalina.core.ApplicationFilterChain.internalDoFilter(ApplicationFilterChain.java:193)
	at org.apache.catalina.core.ApplicationFilterChain.doFilter(ApplicationFilterChain.java:166)
	at org.springframework.web.filter.CorsFilter.doFilterInternal(CorsFilter.java:96)
	at org.springframework.web.filter.OncePerRequestFilter.doFilter(OncePerRequestFilter.java:107)
	at org.apache.catalina.core.ApplicationFilterChain.internalDoFilter(ApplicationFilterChain.java:193)
	at org.apache.catalina.core.ApplicationFilterChain.doFilter(ApplicationFilterChain.java:166)
	at com.github.xiaoymin.swaggerbootstrapui.filter.SecurityBasicAuthFilter.doFilter(SecurityBasicAuthFilter.java:84)
	at org.apache.catalina.core.ApplicationFilterChain.internalDoFilter(ApplicationFilterChain.java:193)
	at org.apache.catalina.core.ApplicationFilterChain.doFilter(ApplicationFilterChain.java:166)
	at com.github.xiaoymin.swaggerbootstrapui.filter.ProductionSecurityFilter.doFilter(ProductionSecurityFilter.java:53)
	at org.apache.catalina.core.ApplicationFilterChain.internalDoFilter(ApplicationFilterChain.java:193)
	at org.apache.catalina.core.ApplicationFilterChain.doFilter(ApplicationFilterChain.java:166)
	at org.springframework.web.filter.CharacterEncodingFilter.doFilterInternal(CharacterEncodingFilter.java:200)
	at org.springframework.web.filter.OncePerRequestFilter.doFilter(OncePerRequestFilter.java:107)
	at org.apache.catalina.core.ApplicationFilterChain.internalDoFilter(ApplicationFilterChain.java:193)
	at org.apache.catalina.core.ApplicationFilterChain.doFilter(ApplicationFilterChain.java:166)
	at org.apache.catalina.core.StandardWrapperValve.invoke(StandardWrapperValve.java:200)
	at org.apache.catalina.core.StandardContextValve.invoke(StandardContextValve.java:96)
	at org.apache.catalina.authenticator.AuthenticatorBase.invoke(AuthenticatorBase.java:490)
	at org.apache.catalina.core.StandardHostValve.invoke(StandardHostValve.java:139)
	at org.apache.catalina.valves.ErrorReportValve.invoke(ErrorReportValve.java:92)
	at org.apache.catalina.core.StandardEngineValve.invoke(StandardEngineValve.java:74)
	at org.apache.catalina.connector.CoyoteAdapter.service(CoyoteAdapter.java:343)
	at org.apache.coyote.http11.Http11Processor.service(Http11Processor.java:408)
	at org.apache.coyote.AbstractProcessorLight.process(AbstractProcessorLight.java:66)
	at org.apache.coyote.AbstractProtocol$ConnectionHandler.process(AbstractProtocol.java:834)
	at org.apache.tomcat.util.net.NioEndpoint$SocketProcessor.doRun(NioEndpoint.java:1415)
	at org.apache.tomcat.util.net.SocketProcessorBase.run(SocketProcessorBase.java:49)
	at java.util.concurrent.ThreadPoolExecutor.runWorker(Unknown Source)
	at java.util.concurrent.ThreadPoolExecutor$Worker.run(Unknown Source)
	at org.apache.tomcat.util.threads.TaskThread$WrappingRunnable.run(TaskThread.java:61)
	at java.lang.Thread.run(Unknown Source)
2020-11-18 10:50:33,524 [http-nio-9090-exec-2] [com.example.demo.config.MyHttpInterceptor] [INFO] (MyHttpInterceptor.java:40)- 请求参数, url: http://localhost:9090/api/test/post, method: POST, params: null
2020-11-18 10:50:33,526 [http-nio-9090-exec-2] [com.example.demo.exception.GlobalExceptionHandler] [ERROR] (GlobalExceptionHandler.java:73)- 数验证异常
org.springframework.web.bind.MethodArgumentNotValidException: Validation failed for argument [0] in public com.example.demo.util.JsonResult com.example.demo.controller.GetController.testPost(com.example.demo.controller.base.BaseDTO<com.example.demo.dto.GetUserByIdDTO>): [Field error in object 'baseDTO' on field 'param.userId': rejected value []; codes [NotEmpty.baseDTO.param.userId,NotEmpty.param.userId,NotEmpty.userId,NotEmpty.java.lang.String,NotEmpty]; arguments [org.springframework.context.support.DefaultMessageSourceResolvable: codes [baseDTO.param.userId,param.userId]; arguments []; default message [param.userId]]; default message [[userId值]不能为空]] 
	at org.springframework.web.servlet.mvc.method.annotation.RequestResponseBodyMethodProcessor.resolveArgument(RequestResponseBodyMethodProcessor.java:138)
	at org.springframework.web.method.support.HandlerMethodArgumentResolverComposite.resolveArgument(HandlerMethodArgumentResolverComposite.java:126)
	at org.springframework.web.method.support.InvocableHandlerMethod.getMethodArgumentValues(InvocableHandlerMethod.java:166)
	at org.springframework.web.method.support.InvocableHandlerMethod.invokeForRequest(InvocableHandlerMethod.java:134)
	at org.springframework.web.servlet.mvc.method.annotation.ServletInvocableHandlerMethod.invokeAndHandle(ServletInvocableHandlerMethod.java:102)
	at org.springframework.web.servlet.mvc.method.annotation.RequestMappingHandlerAdapter.invokeHandlerMethod(RequestMappingHandlerAdapter.java:895)
	at org.springframework.web.servlet.mvc.method.annotation.RequestMappingHandlerAdapter.handleInternal(RequestMappingHandlerAdapter.java:800)
	at org.springframework.web.servlet.mvc.method.AbstractHandlerMethodAdapter.handle(AbstractHandlerMethodAdapter.java:87)
	at org.springframework.web.servlet.DispatcherServlet.doDispatch(DispatcherServlet.java:1038)
	at org.springframework.web.servlet.DispatcherServlet.doService(DispatcherServlet.java:942)
	at org.springframework.web.servlet.FrameworkServlet.processRequest(FrameworkServlet.java:1005)
	at org.springframework.web.servlet.FrameworkServlet.doPost(FrameworkServlet.java:908)
	at javax.servlet.http.HttpServlet.service(HttpServlet.java:660)
	at org.springframework.web.servlet.FrameworkServlet.service(FrameworkServlet.java:882)
	at javax.servlet.http.HttpServlet.service(HttpServlet.java:741)
	at org.apache.catalina.core.ApplicationFilterChain.internalDoFilter(ApplicationFilterChain.java:231)
	at org.apache.catalina.core.ApplicationFilterChain.doFilter(ApplicationFilterChain.java:166)
	at org.apache.tomcat.websocket.server.WsFilter.doFilter(WsFilter.java:53)
	at org.apache.catalina.core.ApplicationFilterChain.internalDoFilter(ApplicationFilterChain.java:193)
	at org.apache.catalina.core.ApplicationFilterChain.doFilter(ApplicationFilterChain.java:166)
	at org.springframework.web.filter.CorsFilter.doFilterInternal(CorsFilter.java:96)
	at org.springframework.web.filter.OncePerRequestFilter.doFilter(OncePerRequestFilter.java:107)
	at org.apache.catalina.core.ApplicationFilterChain.internalDoFilter(ApplicationFilterChain.java:193)
	at org.apache.catalina.core.ApplicationFilterChain.doFilter(ApplicationFilterChain.java:166)
	at com.github.xiaoymin.swaggerbootstrapui.filter.SecurityBasicAuthFilter.doFilter(SecurityBasicAuthFilter.java:84)
	at org.apache.catalina.core.ApplicationFilterChain.internalDoFilter(ApplicationFilterChain.java:193)
	at org.apache.catalina.core.ApplicationFilterChain.doFilter(ApplicationFilterChain.java:166)
	at com.github.xiaoymin.swaggerbootstrapui.filter.ProductionSecurityFilter.doFilter(ProductionSecurityFilter.java:53)
	at org.apache.catalina.core.ApplicationFilterChain.internalDoFilter(ApplicationFilterChain.java:193)
	at org.apache.catalina.core.ApplicationFilterChain.doFilter(ApplicationFilterChain.java:166)
	at org.springframework.web.filter.CharacterEncodingFilter.doFilterInternal(CharacterEncodingFilter.java:200)
	at org.springframework.web.filter.OncePerRequestFilter.doFilter(OncePerRequestFilter.java:107)
	at org.apache.catalina.core.ApplicationFilterChain.internalDoFilter(ApplicationFilterChain.java:193)
	at org.apache.catalina.core.ApplicationFilterChain.doFilter(ApplicationFilterChain.java:166)
	at org.apache.catalina.core.StandardWrapperValve.invoke(StandardWrapperValve.java:200)
	at org.apache.catalina.core.StandardContextValve.invoke(StandardContextValve.java:96)
	at org.apache.catalina.authenticator.AuthenticatorBase.invoke(AuthenticatorBase.java:490)
	at org.apache.catalina.core.StandardHostValve.invoke(StandardHostValve.java:139)
	at org.apache.catalina.valves.ErrorReportValve.invoke(ErrorReportValve.java:92)
	at org.apache.catalina.core.StandardEngineValve.invoke(StandardEngineValve.java:74)
	at org.apache.catalina.connector.CoyoteAdapter.service(CoyoteAdapter.java:343)
	at org.apache.coyote.http11.Http11Processor.service(Http11Processor.java:408)
	at org.apache.coyote.AbstractProcessorLight.process(AbstractProcessorLight.java:66)
	at org.apache.coyote.AbstractProtocol$ConnectionHandler.process(AbstractProtocol.java:834)
	at org.apache.tomcat.util.net.NioEndpoint$SocketProcessor.doRun(NioEndpoint.java:1415)
	at org.apache.tomcat.util.net.SocketProcessorBase.run(SocketProcessorBase.java:49)
	at java.util.concurrent.ThreadPoolExecutor.runWorker(Unknown Source)
	at java.util.concurrent.ThreadPoolExecutor$Worker.run(Unknown Source)
	at org.apache.tomcat.util.threads.TaskThread$WrappingRunnable.run(TaskThread.java:61)
	at java.lang.Thread.run(Unknown Source)
